<?xml version="1.0" encoding="UTF-8"?>
<!-- Generated by org.testng.reporters.JUnitReportReporter -->
<testsuite hostname="DESKTOP-MR9MDOU" failures="0" tests="4" name="test.Tests" time="37.536" errors="0" timestamp="2022-03-28T18:36:34 BRT" skipped="0">
  <testcase classname="test.Tests" name="test1" time="10.285"/>
  <system-out/>
  <testcase classname="test.Tests" name="test2" time="5.611"/>
  <system-out/>
  <testcase classname="test.Tests" name="test4" time="11.374"/>
  <system-out/>
  <testcase classname="test.Tests" name="test3" time="10.266"/>
  <system-out/>
</testsuite> <!-- test.Tests -->
